<?xml version="1.0" encoding="UTF-8"?><testsuite name="nosetests" tests="15" errors="0" failures="0" skip="0"><testcase classname="tests_python.api_tests.api_tests_heights.APITestsHeights" name="test_check_admin_block_height" time="2.912"></testcase><testcase classname="tests_python.api_tests.api_tests_heights.APITestsHeights" name="test_check_admin_block_keymr" time="6.429"></testcase><testcase classname="tests_python.api_tests.api_tests_heights.APITestsHeights" name="test_check_directory_block_height" time="3.199"></testcase><testcase classname="tests_python.api_tests.api_tests_heights.APITestsHeights" name="test_check_entrycredit_block_height" time="3.318"></testcase><testcase classname="tests_python.api_tests.api_tests_heights.APITestsHeights" name="test_check_entrycredit_block_keymr" time="6.513"></testcase><testcase classname="tests_python.api_tests.api_tests_heights.APITestsHeights" name="test_check_factoid_block_height" time="3.811"></testcase><testcase classname="tests_python.api_tests.api_tests_heights.APITestsHeights" name="test_check_factoid_block_keymr" time="7.051"></testcase><testcase classname="tests_python.api_tests.api_tests_heights.APITestsHeights" name="test_wallet_height" time="0.071"></testcase><testcase classname="tests_python.cli_tests.cli_tests_heights.CLITestsHeight" name="test_check_admin_block_height" time="12.397"></testcase><testcase classname="tests_python.cli_tests.cli_tests_heights.CLITestsHeight" name="test_check_directory_block_height" time="12.446"></testcase><testcase classname="tests_python.cli_tests.cli_tests_heights.CLITestsHeight" name="test_check_entrycredit_block_height" time="12.564"></testcase><testcase classname="tests_python.cli_tests.cli_tests_heights.CLITestsHeight" name="test_check_factoid_block_height" time="13.294"></testcase><testcase classname="tests_python.cli_tests.cli_tests_heights.CLITestsHeight" name="test_wallet_height" time="40.248"></testcase><testcase classname="tests_python.testing_tools.api_test_balances.APITestsBalances" name="test_all_addresses_balances_by_api" time="1.962"></testcase><testcase classname="tests_python.testing_tools.cli_tests_balances.CLITestsBalances" name="test_all_addresses_balances" time="8.463"></testcase></testsuite>